Determining if the pthread_create exist failed with the following output:
Change Dir: /home/arjun/room_rover/build/CMakeFiles/CMakeTmp

Run Build Command:/usr/bin/make "cmTryCompileExec2664897245/fast"
/usr/bin/make -f CMakeFiles/cmTryCompileExec2664897245.dir/build.make CMakeFiles/cmTryCompileExec2664897245.dir/build
make[1]: Entering directory `/home/arjun/room_rover/build/CMakeFiles/CMakeTmp'
/usr/bin/cmake -E cmake_progress_report /home/arjun/room_rover/build/CMakeFiles/CMakeTmp/CMakeFiles 1
Building C object CMakeFiles/cmTryCompileExec2664897245.dir/CheckSymbolExists.c.o
/usr/bin/cc    -o CMakeFiles/cmTryCompileExec2664897245.dir/CheckSymbolExists.c.o   -c /home/arjun/room_rover/build/CMakeFiles/CMakeTmp/CheckSymbolExists.c
Linking C executable cmTryCompileExec2664897245
/usr/bin/cmake -E cmake_link_script CMakeFiles/cmTryCompileExec2664897245.dir/link.txt --verbose=1
/usr/bin/cc       CMakeFiles/cmTryCompileExec2664897245.dir/CheckSymbolExists.c.o  -o cmTryCompileExec2664897245 -rdynamic 
CMakeFiles/cmTryCompileExec2664897245.dir/CheckSymbolExists.c.o: In function `main':
CheckSymbolExists.c:(.text+0x16): undefined reference to `pthread_create'
collect2: error: ld returned 1 exit status
make[1]: *** [cmTryCompileExec2664897245] Error 1
make[1]: Leaving directory `/home/arjun/room_rover/build/CMakeFiles/CMakeTmp'
make: *** [cmTryCompileExec2664897245/fast] Error 2

File /home/arjun/room_rover/build/CMakeFiles/CMakeTmp/CheckSymbolExists.c:
/* */
#include <pthread.h>

int main(int argc, char** argv)
{
  (void)argv;
#ifndef pthread_create
  return ((int*)(&pthread_create))[argc];
#else
  (void)argc;
  return 0;
#endif
}

Determining if the function pthread_create exists in the pthreads failed with the following output:
Change Dir: /home/arjun/room_rover/build/CMakeFiles/CMakeTmp

Run Build Command:/usr/bin/make "cmTryCompileExec746509681/fast"
/usr/bin/make -f CMakeFiles/cmTryCompileExec746509681.dir/build.make CMakeFiles/cmTryCompileExec746509681.dir/build
make[1]: Entering directory `/home/arjun/room_rover/build/CMakeFiles/CMakeTmp'
/usr/bin/cmake -E cmake_progress_report /home/arjun/room_rover/build/CMakeFiles/CMakeTmp/CMakeFiles 1
Building C object CMakeFiles/cmTryCompileExec746509681.dir/CheckFunctionExists.c.o
/usr/bin/cc   -DCHECK_FUNCTION_EXISTS=pthread_create   -o CMakeFiles/cmTryCompileExec746509681.dir/CheckFunctionExists.c.o   -c /usr/share/cmake-2.8/Modules/CheckFunctionExists.c
Linking C executable cmTryCompileExec746509681
/usr/bin/cmake -E cmake_link_script CMakeFiles/cmTryCompileExec746509681.dir/link.txt --verbose=1
/usr/bin/cc   -DCHECK_FUNCTION_EXISTS=pthread_create    CMakeFiles/cmTryCompileExec746509681.dir/CheckFunctionExists.c.o  -o cmTryCompileExec746509681 -rdynamic -lpthreads 
/usr/bin/ld: cannot find -lpthreads
collect2: error: ld returned 1 exit status
make[1]: *** [cmTryCompileExec746509681] Error 1
make[1]: Leaving directory `/home/arjun/room_rover/build/CMakeFiles/CMakeTmp'
make: *** [cmTryCompileExec746509681/fast] Error 2


